<?xml version="1.0" encoding="UTF-8"?>
<!-- Generated by org.testng.reporters.JUnitXMLReporter -->
<testsuite ignored="0" hostname="MADHAV" failures="0" tests="11" name="API Tests" time="36.012" errors="0" timestamp="2026-05-25T09:01:51 IST">
  <testcase classname="com.testmu.tests.api.AuthApiTest" name="testInvalidCredentialsReturnError" time="9.173"/>
  <testcase classname="com.testmu.tests.api.AuthApiTest" name="testValidCredentialsReturnToken" time="1.738"/>
  <testcase classname="com.testmu.tests.api.BookingCrudTest" name="testGetAllBookings" time="2.127"/>
  <testcase classname="com.testmu.tests.api.BookingCrudTest" name="testCreateBooking" time="2.518"/>
  <testcase classname="com.testmu.tests.api.BookingCrudTest" name="testGetBookingById" time="3.647"/>
  <testcase classname="com.testmu.tests.api.BookingCrudTest" name="testUpdateBooking" time="1.741"/>
  <testcase classname="com.testmu.tests.api.BookingCrudTest" name="testDeleteBooking" time="3.458"/>
  <testcase classname="com.testmu.tests.api.ErrorHandlingTest" name="testDeleteWithoutAuthReturns403" time="1.708"/>
  <testcase classname="com.testmu.tests.api.ErrorHandlingTest" name="testEmptyPayloadReturnsError" time="1.82"/>
  <testcase classname="com.testmu.tests.api.ErrorHandlingTest" name="testGetNonExistentBookingReturns404" time="1.836"/>
  <testcase classname="com.testmu.tests.api.ErrorHandlingTest" name="testUpdateWithoutAuthReturns403" time="2.036"/>
</testsuite> <!-- API Tests -->
