<?xml version="1.0" encoding="UTF-8"?>
<!-- Generated by org.testng.reporters.JUnitXMLReporter -->
<testsuite ignored="0" hostname="MADHAV" failures="0" tests="2" name="UI Smoke — Firefox (Cross-Browser)" time="4.333" errors="0" timestamp="2026-05-24T22:39:53 IST">
  <testcase classname="com.testmu.tests.ui.CrossBrowserSmokeTest" name="testLoginOnFirefox" time="0.0">
    <skipped/>
  </testcase> <!-- testLoginOnFirefox -->
  <testcase classname="com.testmu.tests.ui.CrossBrowserSmokeTest" name="testProductListingOnFirefox" time="0.0">
    <skipped/>
  </testcase> <!-- testProductListingOnFirefox -->
</testsuite> <!-- UI Smoke — Firefox (Cross-Browser) -->
