<?xml version="1.0" encoding="UTF-8"?>
<!-- Generated by org.testng.reporters.JUnitXMLReporter -->
<testsuite ignored="0" hostname="MADHAV" failures="4" tests="13" name="UI Tests — Chrome" time="177.779" errors="0" timestamp="2026-05-25T09:01:15 IST">
  <testcase classname="com.testmu.tests.ui.LoginTest" name="testInvalidLogin" time="3.367"/>
  <testcase classname="com.testmu.tests.ui.LoginTest" name="testInvalidLogin" time="2.016"/>
  <testcase classname="com.testmu.tests.ui.LoginTest" name="testInvalidLogin" time="2.68"/>
  <testcase classname="com.testmu.tests.ui.LoginTest" name="testLoginPageLoads" time="1.04"/>
  <testcase classname="com.testmu.tests.ui.LoginTest" name="testValidLogin" time="1.764"/>
  <testcase classname="com.testmu.tests.ui.LoginTest" name="testValidLogin" time="2.26"/>
  <testcase classname="com.testmu.tests.ui.DashboardTest" name="testAddToCartUpdatesBadge" time="2.287"/>
  <testcase classname="com.testmu.tests.ui.DashboardTest" name="testInventoryPageLoads" time="2.132"/>
  <testcase classname="com.testmu.tests.ui.DashboardTest" name="testLogout" time="2.42"/>
  <testcase classname="com.testmu.tests.ui.FormValidationTest" name="testEmptyFormShowsError" time="33.512">
    <failure type="java.lang.AssertionError" message="Error message should be displayed for empty form expected [true] but found [false]">
      <![CDATA[java.lang.AssertionError: Error message should be displayed for empty form expected [true] but found [false]
at com.testmu.tests.ui.FormValidationTest.testEmptyFormShowsError(FormValidationTest.java:46)
at java.base/java.util.ArrayList.forEach(ArrayList.java:1511)
... Removed 30 stack frames]]>
    </failure>
  </testcase> <!-- testEmptyFormShowsError -->
  <testcase classname="com.testmu.tests.ui.FormValidationTest" name="testMissingLastNameShowsError" time="34.09">
    <failure type="java.lang.AssertionError" message="expected [true] but found [false]">
      <![CDATA[java.lang.AssertionError: expected [true] but found [false]
at com.testmu.tests.ui.FormValidationTest.testMissingLastNameShowsError(FormValidationTest.java:61)
at java.base/java.util.ArrayList.forEach(ArrayList.java:1511)
... Removed 31 stack frames]]>
    </failure>
  </testcase> <!-- testMissingLastNameShowsError -->
  <testcase classname="com.testmu.tests.ui.FormValidationTest" name="testMissingPostalCodeShowsError" time="34.257">
    <failure type="java.lang.AssertionError" message="expected [true] but found [false]">
      <![CDATA[java.lang.AssertionError: expected [true] but found [false]
at com.testmu.tests.ui.FormValidationTest.testMissingPostalCodeShowsError(FormValidationTest.java:75)
at java.base/java.util.ArrayList.forEach(ArrayList.java:1511)
... Removed 31 stack frames]]>
    </failure>
  </testcase> <!-- testMissingPostalCodeShowsError -->
  <testcase classname="com.testmu.tests.ui.FormValidationTest" name="testValidFormProceedsToOverview" time="3.384">
    <failure type="java.lang.AssertionError" message="Should navigate to checkout overview after valid form expected [true] but found [false]">
      <![CDATA[java.lang.AssertionError: Should navigate to checkout overview after valid form expected [true] but found [false]
at com.testmu.tests.ui.FormValidationTest.testValidFormProceedsToOverview(FormValidationTest.java:91)
at java.base/java.util.ArrayList.forEach(ArrayList.java:1511)
... Removed 30 stack frames]]>
    </failure>
  </testcase> <!-- testValidFormProceedsToOverview -->
</testsuite> <!-- UI Tests — Chrome -->
