<?xml version="1.0" encoding="UTF-8"?>
<!-- Generated by org.testng.reporters.JUnitReportReporter -->
<testsuite hostname="MADHAV" failures="0" tests="6" name="com.testmu.tests.ui.LoginTest" time="38.410" errors="0" timestamp="2026-05-25T09:02:26 IST" skipped="0">
  <testcase classname="com.testmu.tests.ui.LoginTest" name="testInvalidLogin" time="5.459"/>
  <testcase classname="com.testmu.tests.ui.LoginTest" name="testInvalidLogin" time="6.773"/>
  <testcase classname="com.testmu.tests.ui.LoginTest" name="testValidLogin" time="10.034"/>
  <testcase classname="com.testmu.tests.ui.LoginTest" name="testLoginPageLoads" time="4.368"/>
  <testcase classname="com.testmu.tests.ui.LoginTest" name="testValidLogin" time="5.601"/>
  <testcase classname="com.testmu.tests.ui.LoginTest" name="testInvalidLogin" time="6.175"/>
</testsuite> <!-- com.testmu.tests.ui.LoginTest -->
