<?xml version="1.0" encoding="UTF-8"?>
<!-- Generated by org.testng.reporters.JUnitReportReporter -->
<testsuite hostname="MADHAV" failures="0" tests="2" name="com.testmu.tests.api.AuthApiTest" time="10.911" errors="0" timestamp="2026-05-25T09:02:26 IST" skipped="0">
  <testcase classname="com.testmu.tests.api.AuthApiTest" name="testInvalidCredentialsReturnError" time="9.173"/>
  <testcase classname="com.testmu.tests.api.AuthApiTest" name="testValidCredentialsReturnToken" time="1.738"/>
</testsuite> <!-- com.testmu.tests.api.AuthApiTest -->
