<?xml version="1.0" encoding="UTF-8"?>
<!-- Generated by org.testng.reporters.JUnitReportReporter -->
<testsuite hostname="MADHAV" failures="0" tests="3" name="com.testmu.tests.ui.DashboardTest" time="16.565" errors="0" timestamp="2026-05-25T09:02:26 IST" skipped="0">
  <testcase classname="com.testmu.tests.ui.DashboardTest" name="testAddToCartUpdatesBadge" time="5.539"/>
  <testcase classname="com.testmu.tests.ui.DashboardTest" name="testLogout" time="5.679"/>
  <testcase classname="com.testmu.tests.ui.DashboardTest" name="testInventoryPageLoads" time="5.347"/>
</testsuite> <!-- com.testmu.tests.ui.DashboardTest -->
