<?xml version="1.0" encoding="UTF-8"?>
<!-- Generated by org.testng.reporters.JUnitReportReporter -->
<testsuite hostname="MADHAV" failures="0" tests="5" name="com.testmu.tests.api.BookingCrudTest" time="13.491" errors="0" timestamp="2026-05-25T09:02:26 IST" skipped="0">
  <testcase classname="com.testmu.tests.api.BookingCrudTest" name="testGetAllBookings" time="2.127"/>
  <testcase classname="com.testmu.tests.api.BookingCrudTest" name="testCreateBooking" time="2.518"/>
  <testcase classname="com.testmu.tests.api.BookingCrudTest" name="testGetBookingById" time="3.647"/>
  <testcase classname="com.testmu.tests.api.BookingCrudTest" name="testUpdateBooking" time="1.741"/>
  <testcase classname="com.testmu.tests.api.BookingCrudTest" name="testDeleteBooking" time="3.458"/>
</testsuite> <!-- com.testmu.tests.api.BookingCrudTest -->
