<?xml version="1.0" encoding="UTF-8"?>
<!-- Generated by org.testng.reporters.JUnitReportReporter -->
<testsuite hostname="MADHAV" failures="0" tests="4" name="com.testmu.tests.api.ErrorHandlingTest" time="7.400" errors="0" timestamp="2026-05-25T09:02:26 IST" skipped="0">
  <testcase classname="com.testmu.tests.api.ErrorHandlingTest" name="testGetNonExistentBookingReturns404" time="1.836"/>
  <testcase classname="com.testmu.tests.api.ErrorHandlingTest" name="testUpdateWithoutAuthReturns403" time="2.036"/>
  <testcase classname="com.testmu.tests.api.ErrorHandlingTest" name="testDeleteWithoutAuthReturns403" time="1.708"/>
  <testcase classname="com.testmu.tests.api.ErrorHandlingTest" name="testEmptyPayloadReturnsError" time="1.820"/>
</testsuite> <!-- com.testmu.tests.api.ErrorHandlingTest -->
